#
# A fatal error has been detected by the Java Runtime Environment:
#
#  EXCEPTION_ACCESS_VIOLATION (0xc0000005) at pc=0x00007ffefa0b0823, pid=5308, tid=14004
#
# JRE version: OpenJDK Runtime Environment Temurin-21.0.8+9 (21.0.8+9) (build 21.0.8+9-LTS)
# Java VM: OpenJDK 64-Bit Server VM Temurin-21.0.8+9 (21.0.8+9-LTS, mixed mode, sharing, tiered, compressed oops, compressed class ptrs, parallel gc, windows-amd64)
# Problematic frame:
# V  [jvm.dll+0x250823]
#
# No core dump will be written. Minidumps are not enabled by default on client versions of Windows
#
# If you would like to submit a bug report, please visit:
#   https://github.com/adoptium/adoptium-support/issues
#

---------------  S U M M A R Y ------------

Command Line: --add-modules=ALL-SYSTEM --add-opens=java.base/java.util=ALL-UNNAMED --add-opens=java.base/java.lang=ALL-UNNAMED --add-opens=java.base/sun.nio.fs=ALL-UNNAMED -Declipse.application=org.eclipse.jdt.ls.core.id1 -Dosgi.bundles.defaultStartLevel=4 -Declipse.product=org.eclipse.jdt.ls.core.product -Djava.import.generatesMetadataFilesAtProjectRoot=false -DDetectVMInstallationsJob.disabled=true -Dfile.encoding=utf8 -XX:+UseParallelGC -XX:GCTimeRatio=4 -XX:AdaptiveSizePolicyWeight=90 -Dsun.zip.disableMemoryMapping=true -Xmx2G -Xms100m -Xlog:disable -javaagent:c:\Users\jamsh\.vscode\extensions\redhat.java-1.44.0-win32-x64\lombok\lombok-1.18.39-4050.jar -XX:+HeapDumpOnOutOfMemoryError -XX:HeapDumpPath=c:\Users\jamsh\AppData\Roaming\Code\User\workspaceStorage\769c9fd4901bc2f79d9f2b85cdffd5ae\redhat.java -Daether.dependencyCollector.impl=bf c:\Users\jamsh\.vscode\extensions\redhat.java-1.44.0-win32-x64\server\plugins\org.eclipse.equinox.launcher_1.7.0.v20250519-0528.jar -configuration c:\Users\jamsh\AppData\Roaming\Code\User\globalStorage\redhat.java\1.44.0\config_win -data c:\Users\jamsh\AppData\Roaming\Code\User\workspaceStorage\769c9fd4901bc2f79d9f2b85cdffd5ae\redhat.java\jdt_ws --pipe=\\.\pipe\lsp-c7facbd0c26049fbd9b152c68482d529-sock

Host: Intel(R) Core(TM) i5-10400F CPU @ 2.90GHz, 12 cores, 15G,  Windows 10 , 64 bit Build 19041 (10.0.19041.5915)
Time: Fri Aug 29 22:14:55 2025 Eastern Daylight Time elapsed time: 6.393758 seconds (0d 0h 0m 6s)

---------------  T H R E A D  ---------------

Current thread (0x00000160749d6870):  JavaThread "C2 CompilerThread1" daemon [_thread_in_native, id=14004, stack(0x0000005f64c00000,0x0000005f64d00000) (1024K)]


Current CompileTask:
C2:6393 7559       4       java.io.InputStream::readNBytes (292 bytes)

Stack: [0x0000005f64c00000,0x0000005f64d00000],  sp=0x0000005f64cfd710,  free space=1013k
Native frames: (J=compiled Java code, j=interpreted, Vv=VM code, C=native code)
V  [jvm.dll+0x250823]
V  [jvm.dll+0x6f7bc7]
V  [jvm.dll+0x2481cf]
V  [jvm.dll+0x1c89ee]
V  [jvm.dll+0x257d4d]
V  [jvm.dll+0x2562ea]
V  [jvm.dll+0x3f2d16]
V  [jvm.dll+0x857e6b]
V  [jvm.dll+0x6d0b0d]
C  [ucrtbase.dll+0x21bb2]
C  [KERNEL32.DLL+0x17374]
C  [ntdll.dll+0x4cc91]


siginfo: EXCEPTION_ACCESS_VIOLATION (0xc0000005), reading address 0x00000060747d5968


Registers:
RAX=0x0000016070869280, RBX=0x0000005f64cfe2c0, RCX=0x000000000ed7773e, RDX=0x00000160704f8b4c
RSP=0x0000005f64cfd710, RBP=0x0000016070a625a0, RSI=0x0000000000000537, RDI=0x00000060747d5968
R8 =0x0000000000008000, R9 =0x0000000000000100, R10=0x00007fff6d7d0000, R11=0x00007fff6d7e1a37
R12=0x000000000000001c, R13=0x0000016070869248, R14=0x0000000000000020, R15=0x000000000000000f
RIP=0x00007ffefa0b0823, EFLAGS=0x0000000000010246

XMM[0]=0x0000000000000000 0x0000000000000000
XMM[1]=0x0000000000000000 0x0000000000000000
XMM[2]=0x0000000000000000 0x0000000000000000
XMM[3]=0x0000000000000000 0x0000000000000000
XMM[4]=0x0000000000000000 0x0000000000000000
XMM[5]=0x0000000000000000 0x0000000000000000
XMM[6]=0x0000000000000000 0x0000000000000000
XMM[7]=0x0000000000000000 0x0000000000000000
XMM[8]=0x0000000000000000 0x0000000000000000
XMM[9]=0x0000000000000000 0x0000000000000000
XMM[10]=0x0000000000000000 0x0000000000000000
XMM[11]=0x0000000000000000 0x0000000000000000
XMM[12]=0x0000000000000000 0x0000000000000000
XMM[13]=0x0000000000000000 0x0000000000000000
XMM[14]=0x0000000000000000 0x0000000000000000
XMM[15]=0x0000000000000000 0x0000000000000000
  MXCSR=0x00001fa0


Register to memory mapping:

RAX=0x0000016070869280 points into unknown readable memory: 0x0000000000000000 | 00 00 00 00 00 00 00 00
RBX=0x0000005f64cfe2c0 is pointing into the stack for thread: 0x00000160749d6870
RCX=0x000000000ed7773e is an unknown value
RDX=0x00000160704f8b4c points into unknown readable memory: 3e f7 d7 0e
RSP=0x0000005f64cfd710 is pointing into the stack for thread: 0x00000160749d6870
RBP=0x0000016070a625a0 points into unknown readable memory: 0x0000005f64cfe530 | 30 e5 cf 64 5f 00 00 00
RSI=0x0000000000000537 is an unknown value
RDI=0x00000060747d5968 is an unknown value
R8 =0x0000000000008000 is an unknown value
R9 =0x0000000000000100 is an unknown value
R10=0x00007fff6d7d0000 VCRUNTIME140.dll
R11=0x00007fff6d7e1a37 VCRUNTIME140.dll
R12=0x000000000000001c is an unknown value
R13=0x0000016070869248 points into unknown readable memory: 0x00007ffefa8dbb98 | 98 bb 8d fa fe 7f 00 00
R14=0x0000000000000020 is an unknown value
R15=0x000000000000000f is an unknown value

Top of Stack: (sp=0x0000005f64cfd710)
0x0000005f64cfd710:   0000005f64cfe2c0 0000016070a625a0
0x0000005f64cfd720:   0000005f64cfe400 00000000000008e2
0x0000005f64cfd730:   0000016070a66670 0000005f64cfe2b0
0x0000005f64cfd740:   0000005f64cfd950 0000005f64cfe400
0x0000005f64cfd750:   0000000000000000 00007ffefa557bc7
0x0000005f64cfd760:   0000000000000518 0000016070a625a0
0x0000005f64cfd770:   0000016070a62610 000001601025b180
0x0000005f64cfd780:   0000000000000002 00007ffefa0a81cf
0x0000005f64cfd790:   0000000000000000 0000005f64cfd890
0x0000005f64cfd7a0:   0000005f64cfe400 0000000000000001
0x0000005f64cfd7b0:   0000000000000000 0000000000000000
0x0000005f64cfd7c0:   0000005f64cfe400 0000000000000000
0x0000005f64cfd7d0:   000001607006dc70 0000000000000000
0x0000005f64cfd7e0:   0000000000000000 0000000000000000
0x0000005f64cfd7f0:   0000000000000000 0000000000000000
0x0000005f64cfd800:   0000000000000000 00007ffefa85657c
0x0000005f64cfd810:   0000000000000000 0000000000000000
0x0000005f64cfd820:   0000000000000000 00007ffefa85657c
0x0000005f64cfd830:   0000000000000000 0000000000000000
0x0000005f64cfd840:   000001607447cb90 000001607293c860
0x0000005f64cfd850:   0000016072943440 0000016072944848
0x0000005f64cfd860:   0000000000010388 0000000000000000
0x0000005f64cfd870:   0000000000000000 0000000000000000
0x0000005f64cfd880:   0000000000000000 0000000000000000
0x0000005f64cfd890:   0000000000000000 0000000000000000
0x0000005f64cfd8a0:   0000000000000000 0000000000000000
0x0000005f64cfd8b0:   0000000000000000 0000000000000000
0x0000005f64cfd8c0:   0000000000000000 00007ffefa8751e0
0x0000005f64cfd8d0:   0000000000000000 0000000000000000
0x0000005f64cfd8e0:   0000000000000000 0000000000000000
0x0000005f64cfd8f0:   00007ffefa898740 0000000000000001
0x0000005f64cfd900:   0000005f64cfe400 0000005f64cff1c0 

Instructions: (pc=0x00007ffefa0b0823)
0x00007ffefa0b0723:   ff 41 8b c6 48 f7 d8 4d 8d 3c c7 4c 3b fe 0f 83
0x00007ffefa0b0733:   19 fe ff ff 4c 8b 74 24 30 4c 8b 64 24 38 48 8b
0x00007ffefa0b0743:   7c 24 40 48 8b ac 24 80 00 00 00 48 83 c4 48 41
0x00007ffefa0b0753:   5f 41 5d 5e 5b c3 cc cc cc cc cc cc cc 40 53 56
0x00007ffefa0b0763:   57 48 83 ec 30 8b b9 50 02 00 00 48 8b da 2b b9
0x00007ffefa0b0773:   78 02 00 00 48 8b f1 3b 7a 08 72 0a 8b d7 48 8b
0x00007ffefa0b0783:   cb e8 57 cf 45 00 48 8b 43 10 48 c7 04 f8 00 00
0x00007ffefa0b0793:   00 00 48 8b 96 e0 02 00 00 48 85 d2 74 08 48 8b
0x00007ffefa0b07a3:   cb e8 37 20 e8 ff 48 8b 96 e8 02 00 00 48 85 d2
0x00007ffefa0b07b3:   74 08 48 8b cb e8 23 20 e8 ff 33 c0 89 44 24 50
0x00007ffefa0b07c3:   39 43 18 0f 86 f8 00 00 00 48 89 6c 24 58 4c 89
0x00007ffefa0b07d3:   64 24 60 4c 89 6c 24 68 4c 89 74 24 28 4c 89 7c
0x00007ffefa0b07e3:   24 20 66 66 66 0f 1f 84 00 00 00 00 00 8b c8 48
0x00007ffefa0b07f3:   8b 43 10 4c 8b 2c c8 41 8b 45 1c 85 c0 0f 84 92
0x00007ffefa0b0803:   00 00 00 45 33 f6 44 8b e0 0f 1f 40 00 49 8b 45
0x00007ffefa0b0813:   08 49 8b 3c 06 48 85 ff 74 6d 40 f6 c7 01 75 67
0x00007ffefa0b0823:   48 83 3f fe 74 61 44 8b 7f 28 41 8b f7 c1 ee 05
0x00007ffefa0b0833:   3b 73 20 72 0b 8b d6 48 8d 4b 20 e8 ad 68 64 00
0x00007ffefa0b0843:   48 8b 43 28 41 83 e7 1f 48 8d 14 b0 41 0f b6 cf
0x00007ffefa0b0853:   41 b8 01 00 00 00 41 d3 e0 8b 0a 8b c1 41 0b c0
0x00007ffefa0b0863:   89 02 41 85 c8 75 20 8b 73 18 8d 46 01 89 43 18
0x00007ffefa0b0873:   3b 73 08 72 0a 8b d6 48 8b cb e8 5e ce 45 00 48
0x00007ffefa0b0883:   8b 43 10 48 89 3c f0 49 83 c6 08 49 83 ec 01 0f
0x00007ffefa0b0893:   85 78 ff ff ff 8b 44 24 50 ff c0 89 44 24 50 3b
0x00007ffefa0b08a3:   43 18 0f 82 45 ff ff ff 4c 8b 7c 24 20 4c 8b 74
0x00007ffefa0b08b3:   24 28 4c 8b 6c 24 68 4c 8b 64 24 60 48 8b 6c 24
0x00007ffefa0b08c3:   58 48 83 c4 30 5f 5e 5b c3 cc cc cc cc 40 53 48
0x00007ffefa0b08d3:   83 ec 20 48 8b 81 f0 02 00 00 48 8b d9 48 85 c0
0x00007ffefa0b08e3:   75 27 e8 56 39 00 00 48 8b d0 48 8b 48 10 48 8b
0x00007ffefa0b08f3:   01 48 3b c2 74 06 83 78 38 02 74 06 48 83 c1 08
0x00007ffefa0b0903:   eb ec 48 89 83 f0 02 00 00 48 83 c4 20 5b c3 cc
0x00007ffefa0b0913:   cc cc cc cc cc cc cc cc cc cc cc cc cc 48 8b c4 


Stack slot to memory mapping:

stack at sp + 0 slots: 0x0000005f64cfe2c0 is pointing into the stack for thread: 0x00000160749d6870
stack at sp + 1 slots: 0x0000016070a625a0 points into unknown readable memory: 0x0000005f64cfe530 | 30 e5 cf 64 5f 00 00 00
stack at sp + 2 slots: 0x0000005f64cfe400 is pointing into the stack for thread: 0x00000160749d6870
stack at sp + 3 slots: 0x00000000000008e2 is an unknown value
stack at sp + 4 slots: 0x0000016070a66670 points into unknown readable memory: 0x00007ffefa8617c8 | c8 17 86 fa fe 7f 00 00
stack at sp + 5 slots: 0x0000005f64cfe2b0 is pointing into the stack for thread: 0x00000160749d6870
stack at sp + 6 slots: 0x0000005f64cfd950 is pointing into the stack for thread: 0x00000160749d6870
stack at sp + 7 slots: 0x0000005f64cfe400 is pointing into the stack for thread: 0x00000160749d6870


---------------  P R O C E S S  ---------------

Threads class SMR info:
_java_thread_list=0x00000160748d5ee0, length=53, elements={
0x0000016012540000, 0x00000160124edce0, 0x00000160124ef540, 0x00000160124f10c0,
0x00000160124f1fd0, 0x00000160124fc9f0, 0x000001607000a320, 0x000001607002ced0,
0x000001607002d7d0, 0x0000016070008250, 0x000001607000a9b0, 0x0000016070009600,
0x000001607000b040, 0x00000160700088e0, 0x0000016070008f70, 0x0000016070009c90,
0x0000016070f5e7a0, 0x0000016070f5ee30, 0x0000016070f59f70, 0x0000016070f5ac90,
0x0000016070f5a600, 0x0000016070f5f4c0, 0x0000016070f5b320, 0x0000016070f5cd60,
0x0000016070f5c6d0, 0x0000016070f5fb50, 0x0000016070f5b9b0, 0x0000016070f601e0,
0x0000016070f5e110, 0x0000016070f59250, 0x0000016070f5d3f0, 0x0000016070f5da80,
0x0000016070f598e0, 0x0000016070f60870, 0x00000160736733d0, 0x0000016073672020,
0x00000160736726b0, 0x0000016073673a60, 0x0000016073677570, 0x0000016073672d40,
0x00000160736740f0, 0x0000016073674780, 0x00000160736761c0, 0x0000016073671300,
0x00000160736754a0, 0x0000016073671990, 0x0000016073674e10, 0x0000016073678290,
0x0000016073675b30, 0x0000016073676850, 0x0000016073c0c420, 0x00000160749d6870,
0x00000160749d5400
}

Java Threads: ( => current thread )
  0x0000016012540000 JavaThread "main"                              [_thread_blocked, id=10684, stack(0x0000005f63f00000,0x0000005f64000000) (1024K)]
  0x00000160124edce0 JavaThread "Reference Handler"          daemon [_thread_blocked, id=14236, stack(0x0000005f64300000,0x0000005f64400000) (1024K)]
  0x00000160124ef540 JavaThread "Finalizer"                  daemon [_thread_blocked, id=10612, stack(0x0000005f64400000,0x0000005f64500000) (1024K)]
  0x00000160124f10c0 JavaThread "Signal Dispatcher"          daemon [_thread_blocked, id=4752, stack(0x0000005f64500000,0x0000005f64600000) (1024K)]
  0x00000160124f1fd0 JavaThread "Attach Listener"            daemon [_thread_blocked, id=2284, stack(0x0000005f64600000,0x0000005f64700000) (1024K)]
  0x00000160124fc9f0 JavaThread "Service Thread"             daemon [_thread_blocked, id=4572, stack(0x0000005f64700000,0x0000005f64800000) (1024K)]
  0x000001607000a320 JavaThread "Monitor Deflation Thread"   daemon [_thread_blocked, id=4032, stack(0x0000005f64800000,0x0000005f64900000) (1024K)]
  0x000001607002ced0 JavaThread "C2 CompilerThread0"         daemon [_thread_in_native, id=1644, stack(0x0000005f64900000,0x0000005f64a00000) (1024K)]
  0x000001607002d7d0 JavaThread "C1 CompilerThread0"         daemon [_thread_blocked, id=14160, stack(0x0000005f64a00000,0x0000005f64b00000) (1024K)]
  0x0000016070008250 JavaThread "Common-Cleaner"             daemon [_thread_blocked, id=1796, stack(0x0000005f64b00000,0x0000005f64c00000) (1024K)]
  0x000001607000a9b0 JavaThread "Notification Thread"        daemon [_thread_blocked, id=3276, stack(0x0000005f64e00000,0x0000005f64f00000) (1024K)]
  0x0000016070009600 JavaThread "Active Thread: Equinox Container: c6fbbf8d-5e5b-4942-8bd9-8af8261bd0e9"        [_thread_blocked, id=10256, stack(0x0000005f65500000,0x0000005f65600000) (1024K)]
  0x000001607000b040 JavaThread "Refresh Thread: Equinox Container: c6fbbf8d-5e5b-4942-8bd9-8af8261bd0e9" daemon [_thread_blocked, id=13712, stack(0x0000005f65700000,0x0000005f65800000) (1024K)]
  0x00000160700088e0 JavaThread "Framework Event Dispatcher: Equinox Container: c6fbbf8d-5e5b-4942-8bd9-8af8261bd0e9" daemon [_thread_blocked, id=7588, stack(0x0000005f65800000,0x0000005f65900000) (1024K)]
  0x0000016070008f70 JavaThread "Start Level: Equinox Container: c6fbbf8d-5e5b-4942-8bd9-8af8261bd0e9" daemon [_thread_blocked, id=2408, stack(0x0000005f65900000,0x0000005f65a00000) (1024K)]
  0x0000016070009c90 JavaThread "Bundle File Closer"         daemon [_thread_blocked, id=8304, stack(0x0000005f65c00000,0x0000005f65d00000) (1024K)]
  0x0000016070f5e7a0 JavaThread "SCR Component Actor"        daemon [_thread_blocked, id=8196, stack(0x0000005f65d00000,0x0000005f65e00000) (1024K)]
  0x0000016070f5ee30 JavaThread "SCR Component Registry"     daemon [_thread_blocked, id=9972, stack(0x0000005f65e00000,0x0000005f65f00000) (1024K)]
  0x0000016070f59f70 JavaThread "Worker-JM"                         [_thread_blocked, id=2036, stack(0x0000005f65f00000,0x0000005f66000000) (1024K)]
  0x0000016070f5ac90 JavaThread "JNA Cleaner"                daemon [_thread_blocked, id=6744, stack(0x0000005f66000000,0x0000005f66100000) (1024K)]
  0x0000016070f5a600 JavaThread "Worker-0: Initialize workspace"        [_thread_blocked, id=8, stack(0x0000005f66100000,0x0000005f66200000) (1024K)]
  0x0000016070f5f4c0 JavaThread "Worker-1"                          [_thread_blocked, id=3344, stack(0x0000005f66200000,0x0000005f66300000) (1024K)]
  0x0000016070f5b320 JavaThread "Worker-2: Java indexing... "        [_thread_blocked, id=8104, stack(0x0000005f66300000,0x0000005f66400000) (1024K)]
  0x0000016070f5cd60 JavaThread "Java indexing"              daemon [_thread_in_Java, id=10332, stack(0x0000005f66400000,0x0000005f66500000) (1024K)]
  0x0000016070f5c6d0 JavaThread "Worker-3"                          [_thread_blocked, id=1904, stack(0x0000005f66500000,0x0000005f66600000) (1024K)]
  0x0000016070f5fb50 JavaThread "Thread-2"                   daemon [_thread_in_native, id=8268, stack(0x0000005f66600000,0x0000005f66700000) (1024K)]
  0x0000016070f5b9b0 JavaThread "Thread-3"                   daemon [_thread_in_native, id=11284, stack(0x0000005f66700000,0x0000005f66800000) (1024K)]
  0x0000016070f601e0 JavaThread "Thread-4"                   daemon [_thread_in_native, id=13892, stack(0x0000005f66800000,0x0000005f66900000) (1024K)]
  0x0000016070f5e110 JavaThread "Thread-5"                   daemon [_thread_in_native, id=13216, stack(0x0000005f66900000,0x0000005f66a00000) (1024K)]
  0x0000016070f59250 JavaThread "Thread-6"                   daemon [_thread_in_native, id=11244, stack(0x0000005f66a00000,0x0000005f66b00000) (1024K)]
  0x0000016070f5d3f0 JavaThread "Thread-7"                   daemon [_thread_in_native, id=7120, stack(0x0000005f66b00000,0x0000005f66c00000) (1024K)]
  0x0000016070f5da80 JavaThread "Thread-8"                   daemon [_thread_in_native, id=13544, stack(0x0000005f66c00000,0x0000005f66d00000) (1024K)]
  0x0000016070f598e0 JavaThread "Thread-9"                   daemon [_thread_in_native, id=10692, stack(0x0000005f66d00000,0x0000005f66e00000) (1024K)]
  0x0000016070f60870 JavaThread "Thread-10"                  daemon [_thread_in_native, id=14292, stack(0x0000005f66e00000,0x0000005f66f00000) (1024K)]
  0x00000160736733d0 JavaThread "Thread-11"                  daemon [_thread_in_native, id=8320, stack(0x0000005f66f00000,0x0000005f67000000) (1024K)]
  0x0000016073672020 JavaThread "Thread-12"                  daemon [_thread_in_native, id=10712, stack(0x0000005f67000000,0x0000005f67100000) (1024K)]
  0x00000160736726b0 JavaThread "Thread-13"                  daemon [_thread_in_native, id=10784, stack(0x0000005f67100000,0x0000005f67200000) (1024K)]
  0x0000016073673a60 JavaThread "Thread-14"                  daemon [_thread_in_native, id=11896, stack(0x0000005f67200000,0x0000005f67300000) (1024K)]
  0x0000016073677570 JavaThread "pool-2-thread-1"                   [_thread_blocked, id=10636, stack(0x0000005f67300000,0x0000005f67400000) (1024K)]
  0x0000016073672d40 JavaThread "WorkspaceEventsHandler"            [_thread_blocked, id=6056, stack(0x0000005f67400000,0x0000005f67500000) (1024K)]
  0x00000160736740f0 JavaThread "pool-1-thread-1"                   [_thread_blocked, id=10572, stack(0x0000005f67500000,0x0000005f67600000) (1024K)]
  0x0000016073674780 JavaThread "Worker-4"                          [_thread_blocked, id=7356, stack(0x0000005f67600000,0x0000005f67700000) (1024K)]
  0x00000160736761c0 JavaThread "Compiler Source File Reader" daemon [_thread_blocked, id=2724, stack(0x0000005f67700000,0x0000005f67800000) (1024K)]
  0x0000016073671300 JavaThread "Compiler Source File Reader" daemon [_thread_blocked, id=10908, stack(0x0000005f67800000,0x0000005f67900000) (1024K)]
  0x00000160736754a0 JavaThread "Compiler Source File Reader" daemon [_thread_blocked, id=1400, stack(0x0000005f67900000,0x0000005f67a00000) (1024K)]
  0x0000016073671990 JavaThread "Compiler Processing Task"   daemon [_thread_blocked, id=6220, stack(0x0000005f67a00000,0x0000005f67b00000) (1024K)]
  0x0000016073674e10 JavaThread "Compiler Class File Writer" daemon [_thread_blocked, id=13416, stack(0x0000005f67b00000,0x0000005f67c00000) (1024K)]
  0x0000016073678290 JavaThread "Compiler Class File Writer" daemon [_thread_blocked, id=14024, stack(0x0000005f67c00000,0x0000005f67d00000) (1024K)]
  0x0000016073675b30 JavaThread "Compiler Class File Writer" daemon [_thread_blocked, id=2720, stack(0x0000005f67d00000,0x0000005f67e00000) (1024K)]
  0x0000016073676850 JavaThread "Compiler Class File Writer" daemon [_thread_blocked, id=1392, stack(0x0000005f67e00000,0x0000005f67f00000) (1024K)]
  0x0000016073c0c420 JavaThread "Worker-5"                          [_thread_blocked, id=4656, stack(0x0000005f67f00000,0x0000005f68000000) (1024K)]
=>0x00000160749d6870 JavaThread "C2 CompilerThread1"         daemon [_thread_in_native, id=14004, stack(0x0000005f64c00000,0x0000005f64d00000) (1024K)]
  0x00000160749d5400 JavaThread "C2 CompilerThread2"         daemon [_thread_in_native, id=4524, stack(0x0000005f64d00000,0x0000005f64e00000) (1024K)]
Total: 53

Other Threads:
  0x00000160125fdc10 VMThread "VM Thread"                           [id=3308, stack(0x0000005f64200000,0x0000005f64300000) (1024K)]
  0x00000160125a9630 WatcherThread "VM Periodic Task Thread"        [id=2252, stack(0x0000005f64100000,0x0000005f64200000) (1024K)]
  0x000001601255cf00 WorkerThread "GC Thread#0"                     [id=10264, stack(0x0000005f64000000,0x0000005f64100000) (1024K)]
  0x00000160703f5420 WorkerThread "GC Thread#1"                     [id=3636, stack(0x0000005f64f00000,0x0000005f65000000) (1024K)]
  0x00000160703f57c0 WorkerThread "GC Thread#2"                     [id=7076, stack(0x0000005f65000000,0x0000005f65100000) (1024K)]
  0x00000160703f6370 WorkerThread "GC Thread#3"                     [id=11316, stack(0x0000005f65100000,0x0000005f65200000) (1024K)]
  0x0000016070830ad0 WorkerThread "GC Thread#4"                     [id=4012, stack(0x0000005f65200000,0x0000005f65300000) (1024K)]
  0x0000016070831280 WorkerThread "GC Thread#5"                     [id=6716, stack(0x0000005f65300000,0x0000005f65400000) (1024K)]
  0x0000016070831620 WorkerThread "GC Thread#6"                     [id=2964, stack(0x0000005f65400000,0x0000005f65500000) (1024K)]
  0x0000016070cd8900 WorkerThread "GC Thread#7"                     [id=10900, stack(0x0000005f65600000,0x0000005f65700000) (1024K)]
  0x0000016070f38e20 WorkerThread "GC Thread#8"                     [id=2664, stack(0x0000005f65a00000,0x0000005f65b00000) (1024K)]
  0x0000016070f8f970 WorkerThread "GC Thread#9"                     [id=8880, stack(0x0000005f65b00000,0x0000005f65c00000) (1024K)]
Total: 12

Threads with active compile tasks:
C2 CompilerThread0  6439 7552   !   4       org.eclipse.jdt.internal.compiler.classfmt.ClassFileReader::<init> (1968 bytes)
C2 CompilerThread1  6439 7559       4       java.io.InputStream::readNBytes (292 bytes)
C2 CompilerThread2  6439 7561   !   4       org.eclipse.jdt.internal.compiler.util.Util::getZipEntryByteContent (84 bytes)
Total: 3

VM state: not at safepoint (normal execution)

VM Mutex/Monitor currently owned by a thread: None

Heap address: 0x0000000080000000, size: 2048 MB, Compressed Oops mode: 32-bit

CDS archive(s) mapped at: [0x0000016029000000-0x0000016029ba0000-0x0000016029ba0000), size 12189696, SharedBaseAddress: 0x0000016029000000, ArchiveRelocationMode: 1.
Compressed class space mapped at: 0x000001602a000000-0x000001606a000000, reserved size: 1073741824
Narrow klass base: 0x0000016029000000, Narrow klass shift: 0, Narrow klass range: 0x100000000

GC Precious Log:
 CardTable entry size: 512
 CPUs: 12 total, 12 available
 Memory: 16155M
 Large Page Support: Disabled
 NUMA Support: Disabled
 Compressed Oops: Enabled (32-bit)
 Alignments: Space 512K, Generation 512K, Heap 2M
 Heap Min Capacity: 100M
 Heap Initial Capacity: 100M
 Heap Max Capacity: 2G
 Pre-touch: Disabled
 Parallel Workers: 10

Heap:
 PSYoungGen      total 3584K, used 2597K [0x00000000d5580000, 0x00000000d5a80000, 0x0000000100000000)
  eden space 3072K, 67% used [0x00000000d5580000,0x00000000d57897d0,0x00000000d5880000)
  from space 512K, 100% used [0x00000000d5900000,0x00000000d5980000,0x00000000d5980000)
  to   space 1024K, 0% used [0x00000000d5980000,0x00000000d5980000,0x00000000d5a80000)
 ParOldGen       total 195584K, used 195291K [0x0000000080000000, 0x000000008bf00000, 0x00000000d5580000)
  object space 195584K, 99% used [0x0000000080000000,0x000000008beb6f50,0x000000008bf00000)
 Metaspace       used 55557K, committed 56704K, reserved 1114112K
  class space    used 5980K, committed 6464K, reserved 1048576K

Card table byte_map: [0x0000016011ef0000,0x0000016012300000] _byte_map_base: 0x0000016011af0000

Marking Bits: (ParMarkBitMap*) 0x00007ffefab1a340
 Begin Bits: [0x00000160249f0000, 0x00000160269f0000)
 End Bits:   [0x00000160269f0000, 0x00000160289f0000)

Polling page: 0x0000016010370000

Metaspace:

Usage:
  Non-class:     48.42 MB used.
      Class:      5.84 MB used.
       Both:     54.25 MB used.

Virtual space:
  Non-class space:       64.00 MB reserved,      49.06 MB ( 77%) committed,  1 nodes.
      Class space:        1.00 GB reserved,       6.31 MB ( <1%) committed,  1 nodes.
             Both:        1.06 GB reserved,      55.38 MB (  5%) committed. 

Chunk freelists:
   Non-Class:  14.62 MB
       Class:  9.64 MB
        Both:  24.27 MB

MaxMetaspaceSize: unlimited
CompressedClassSpaceSize: 1.00 GB
Initial GC threshold: 21.00 MB
Current GC threshold: 58.38 MB
CDS: on
 - commit_granule_bytes: 65536.
 - commit_granule_words: 8192.
 - virtual_space_node_default_size: 8388608.
 - enlarge_chunks_in_place: 1.
 - use_allocation_guard: 0.


Internal statistics:

num_allocs_failed_limit: 6.
num_arena_births: 896.
num_arena_deaths: 14.
num_vsnodes_births: 2.
num_vsnodes_deaths: 0.
num_space_committed: 886.
num_space_uncommitted: 0.
num_chunks_returned_to_freelist: 20.
num_chunks_taken_from_freelist: 3454.
num_chunk_merges: 7.
num_chunk_splits: 2132.
num_chunks_enlarged: 1192.
num_inconsistent_stats: 0.

CodeHeap 'non-profiled nmethods': size=120000Kb used=5169Kb max_used=5169Kb free=114830Kb
 bounds [0x000001601d210000, 0x000001601d720000, 0x0000016024740000]
CodeHeap 'profiled nmethods': size=120000Kb used=15460Kb max_used=15460Kb free=104539Kb
 bounds [0x0000016015740000, 0x0000016016660000, 0x000001601cc70000]
CodeHeap 'non-nmethods': size=5760Kb used=1409Kb max_used=1510Kb free=4350Kb
 bounds [0x000001601cc70000, 0x000001601cee0000, 0x000001601d210000]
CodeCache: size=245760Kb, used=22038Kb, max_used=22139Kb, free=223719Kb
 total_blobs=7689, nmethods=6968, adapters=627, full_count=0
Compilation: enabled, stopped_count=0, restarted_count=0

Compilation events (20 events):
Event: 6.313 Thread 0x000001607002d7d0 7548   !   3       org.eclipse.jdt.internal.core.search.indexing.IndexManager::indexDocument (31 bytes)
Event: 6.313 Thread 0x000001607002d7d0 nmethod 7548 0x0000016016654f10 code [0x00000160166550c0, 0x0000016016655480]
Event: 6.315 Thread 0x000001607002ced0 nmethod 7550 0x000001601d717490 code [0x000001601d717620, 0x000001601d717948]
Event: 6.315 Thread 0x000001607002ced0 7551       4       org.eclipse.jdt.internal.core.search.indexing.BinaryIndexer::replace (41 bytes)
Event: 6.317 Thread 0x000001607002ced0 nmethod 7551 0x000001601d717b10 code [0x000001601d717ca0, 0x000001601d717e40]
Event: 6.330 Thread 0x000001607002ced0 7552   !   4       org.eclipse.jdt.internal.compiler.classfmt.ClassFileReader::<init> (1968 bytes)
Event: 6.367 Thread 0x000001607002d7d0 7557  s    3       java.io.FileDescriptor::close (9 bytes)
Event: 6.367 Thread 0x000001607002d7d0 nmethod 7557 0x0000016016655690 code [0x0000016016655860, 0x0000016016655cc8]
Event: 6.367 Thread 0x000001607002d7d0 7558  s    3       java.io.FileDescriptor::unregisterCleanup (20 bytes)
Event: 6.367 Thread 0x00000160749d6870 7553       4       org.eclipse.jdt.internal.compiler.util.SimpleLookupTable::rehash (86 bytes)
Event: 6.367 Thread 0x000001607002d7d0 nmethod 7558 0x0000016016655e10 code [0x0000016016655fc0, 0x00000160166562b0]
Event: 6.378 Thread 0x00000160749d6870 nmethod 7553 0x000001601d717f10 code [0x000001601d7181a0, 0x000001601d7190b0]
Event: 6.379 Thread 0x00000160749d6870 7556       4       org.eclipse.jdt.internal.core.index.DiskIndex::writeStreamChars (220 bytes)
Event: 6.385 Thread 0x000001607002d7d0 7563       3       org.eclipse.jdt.internal.core.search.JavaSearchParticipant::indexDocument (89 bytes)
Event: 6.387 Thread 0x000001607002d7d0 nmethod 7563 0x0000016016656390 code [0x00000160166566a0, 0x0000016016657730]
Event: 6.387 Thread 0x00000160749d6870 nmethod 7556 0x000001601d719910 code [0x000001601d719b00, 0x000001601d71a348]
Event: 6.387 Thread 0x00000160749d5400 7560       4       org.eclipse.jdt.internal.compiler.util.SimpleLookupTable::put (104 bytes)
Event: 6.387 Thread 0x00000160749d6870 7559       4       java.io.InputStream::readNBytes (292 bytes)
Event: 6.389 Thread 0x000001607002d7d0 7565       3       org.eclipse.jdt.internal.core.index.DiskIndex::writeDocumentNumbers (384 bytes)
Event: 6.389 Thread 0x000001607002d7d0 nmethod 7565 0x0000016016657d90 code [0x0000016016658020, 0x0000016016658d48]

GC Heap History (20 events):
Event: 6.339 GC heap before
{Heap before GC invocations=136 (full 2):
 PSYoungGen      total 1536K, used 1330K [0x00000000d5580000, 0x00000000d5a00000, 0x0000000100000000)
  eden space 1024K, 98% used [0x00000000d5580000,0x00000000d567cb30,0x00000000d5680000)
  from space 512K, 62% used [0x00000000d5900000,0x00000000d5950000,0x00000000d5980000)
  to   space 512K, 0% used [0x00000000d5980000,0x00000000d5980000,0x00000000d5a00000)
 ParOldGen       total 192512K, used 192200K [0x0000000080000000, 0x000000008bc00000, 0x00000000d5580000)
  object space 192512K, 99% used [0x0000000080000000,0x000000008bbb2328,0x000000008bc00000)
 Metaspace       used 55557K, committed 56704K, reserved 1114112K
  class space    used 5980K, committed 6464K, reserved 1048576K
}
Event: 6.340 GC heap after
{Heap after GC invocations=136 (full 2):
 PSYoungGen      total 1536K, used 320K [0x00000000d5580000, 0x00000000d5a00000, 0x0000000100000000)
  eden space 1024K, 0% used [0x00000000d5580000,0x00000000d5580000,0x00000000d5680000)
  from space 512K, 62% used [0x00000000d5980000,0x00000000d59d0000,0x00000000d5a00000)
  to   space 512K, 0% used [0x00000000d5900000,0x00000000d5900000,0x00000000d5980000)
 ParOldGen       total 192512K, used 192336K [0x0000000080000000, 0x000000008bc00000, 0x00000000d5580000)
  object space 192512K, 99% used [0x0000000080000000,0x000000008bbd4328,0x000000008bc00000)
 Metaspace       used 55557K, committed 56704K, reserved 1114112K
  class space    used 5980K, committed 6464K, reserved 1048576K
}
Event: 6.341 GC heap before
{Heap before GC invocations=137 (full 2):
 PSYoungGen      total 1536K, used 1341K [0x00000000d5580000, 0x00000000d5a00000, 0x0000000100000000)
  eden space 1024K, 99% used [0x00000000d5580000,0x00000000d567f7f0,0x00000000d5680000)
  from space 512K, 62% used [0x00000000d5980000,0x00000000d59d0000,0x00000000d5a00000)
  to   space 512K, 0% used [0x00000000d5900000,0x00000000d5900000,0x00000000d5980000)
 ParOldGen       total 192512K, used 192336K [0x0000000080000000, 0x000000008bc00000, 0x00000000d5580000)
  object space 192512K, 99% used [0x0000000080000000,0x000000008bbd4328,0x000000008bc00000)
 Metaspace       used 55557K, committed 56704K, reserved 1114112K
  class space    used 5980K, committed 6464K, reserved 1048576K
}
Event: 6.342 GC heap after
{Heap after GC invocations=137 (full 2):
 PSYoungGen      total 2048K, used 320K [0x00000000d5580000, 0x00000000d5a00000, 0x0000000100000000)
  eden space 1536K, 0% used [0x00000000d5580000,0x00000000d5580000,0x00000000d5700000)
  from space 512K, 62% used [0x00000000d5900000,0x00000000d5950000,0x00000000d5980000)
  to   space 512K, 0% used [0x00000000d5980000,0x00000000d5980000,0x00000000d5a00000)
 ParOldGen       total 192512K, used 192496K [0x0000000080000000, 0x000000008bc00000, 0x00000000d5580000)
  object space 192512K, 99% used [0x0000000080000000,0x000000008bbfc328,0x000000008bc00000)
 Metaspace       used 55557K, committed 56704K, reserved 1114112K
  class space    used 5980K, committed 6464K, reserved 1048576K
}
Event: 6.344 GC heap before
{Heap before GC invocations=138 (full 2):
 PSYoungGen      total 2048K, used 1842K [0x00000000d5580000, 0x00000000d5a00000, 0x0000000100000000)
  eden space 1536K, 99% used [0x00000000d5580000,0x00000000d56fcbe8,0x00000000d5700000)
  from space 512K, 62% used [0x00000000d5900000,0x00000000d5950000,0x00000000d5980000)
  to   space 512K, 0% used [0x00000000d5980000,0x00000000d5980000,0x00000000d5a00000)
 ParOldGen       total 192512K, used 192496K [0x0000000080000000, 0x000000008bc00000, 0x00000000d5580000)
  object space 192512K, 99% used [0x0000000080000000,0x000000008bbfc328,0x000000008bc00000)
 Metaspace       used 55557K, committed 56704K, reserved 1114112K
  class space    used 5980K, committed 6464K, reserved 1048576K
}
Event: 6.345 GC heap after
{Heap after GC invocations=138 (full 2):
 PSYoungGen      total 2048K, used 352K [0x00000000d5580000, 0x00000000d5a00000, 0x0000000100000000)
  eden space 1536K, 0% used [0x00000000d5580000,0x00000000d5580000,0x00000000d5700000)
  from space 512K, 68% used [0x00000000d5980000,0x00000000d59d8000,0x00000000d5a00000)
  to   space 512K, 0% used [0x00000000d5900000,0x00000000d5900000,0x00000000d5980000)
 ParOldGen       total 193024K, used 192640K [0x0000000080000000, 0x000000008bc80000, 0x00000000d5580000)
  object space 193024K, 99% used [0x0000000080000000,0x000000008bc20328,0x000000008bc80000)
 Metaspace       used 55557K, committed 56704K, reserved 1114112K
  class space    used 5980K, committed 6464K, reserved 1048576K
}
Event: 6.347 GC heap before
{Heap before GC invocations=139 (full 2):
 PSYoungGen      total 2048K, used 1887K [0x00000000d5580000, 0x00000000d5a00000, 0x0000000100000000)
  eden space 1536K, 99% used [0x00000000d5580000,0x00000000d56fff98,0x00000000d5700000)
  from space 512K, 68% used [0x00000000d5980000,0x00000000d59d8000,0x00000000d5a00000)
  to   space 512K, 0% used [0x00000000d5900000,0x00000000d5900000,0x00000000d5980000)
 ParOldGen       total 193024K, used 192640K [0x0000000080000000, 0x000000008bc80000, 0x00000000d5580000)
  object space 193024K, 99% used [0x0000000080000000,0x000000008bc20328,0x000000008bc80000)
 Metaspace       used 55557K, committed 56704K, reserved 1114112K
  class space    used 5980K, committed 6464K, reserved 1048576K
}
Event: 6.348 GC heap after
{Heap after GC invocations=139 (full 2):
 PSYoungGen      total 2048K, used 460K [0x00000000d5580000, 0x00000000d5a00000, 0x0000000100000000)
  eden space 1536K, 0% used [0x00000000d5580000,0x00000000d5580000,0x00000000d5700000)
  from space 512K, 89% used [0x00000000d5900000,0x00000000d5973008,0x00000000d5980000)
  to   space 512K, 0% used [0x00000000d5980000,0x00000000d5980000,0x00000000d5a00000)
 ParOldGen       total 193024K, used 192848K [0x0000000080000000, 0x000000008bc80000, 0x00000000d5580000)
  object space 193024K, 99% used [0x0000000080000000,0x000000008bc54328,0x000000008bc80000)
 Metaspace       used 55557K, committed 56704K, reserved 1114112K
  class space    used 5980K, committed 6464K, reserved 1048576K
}
Event: 6.350 GC heap before
{Heap before GC invocations=140 (full 2):
 PSYoungGen      total 2048K, used 1996K [0x00000000d5580000, 0x00000000d5a00000, 0x0000000100000000)
  eden space 1536K, 100% used [0x00000000d5580000,0x00000000d5700000,0x00000000d5700000)
  from space 512K, 89% used [0x00000000d5900000,0x00000000d5973008,0x00000000d5980000)
  to   space 512K, 0% used [0x00000000d5980000,0x00000000d5980000,0x00000000d5a00000)
 ParOldGen       total 193024K, used 192848K [0x0000000080000000, 0x000000008bc80000, 0x00000000d5580000)
  object space 193024K, 99% used [0x0000000080000000,0x000000008bc54328,0x000000008bc80000)
 Metaspace       used 55557K, committed 56704K, reserved 1114112K
  class space    used 5980K, committed 6464K, reserved 1048576K
}
Event: 6.351 GC heap after
{Heap after GC invocations=140 (full 2):
 PSYoungGen      total 2048K, used 352K [0x00000000d5580000, 0x00000000d5a00000, 0x0000000100000000)
  eden space 1536K, 0% used [0x00000000d5580000,0x00000000d5580000,0x00000000d5700000)
  from space 512K, 68% used [0x00000000d5980000,0x00000000d59d8000,0x00000000d5a00000)
  to   space 512K, 0% used [0x00000000d5900000,0x00000000d5900000,0x00000000d5980000)
 ParOldGen       total 193536K, used 193132K [0x0000000080000000, 0x000000008bd00000, 0x00000000d5580000)
  object space 193536K, 99% used [0x0000000080000000,0x000000008bc9b330,0x000000008bd00000)
 Metaspace       used 55557K, committed 56704K, reserved 1114112K
  class space    used 5980K, committed 6464K, reserved 1048576K
}
Event: 6.353 GC heap before
{Heap before GC invocations=141 (full 2):
 PSYoungGen      total 2048K, used 1888K [0x00000000d5580000, 0x00000000d5a00000, 0x0000000100000000)
  eden space 1536K, 100% used [0x00000000d5580000,0x00000000d5700000,0x00000000d5700000)
  from space 512K, 68% used [0x00000000d5980000,0x00000000d59d8000,0x00000000d5a00000)
  to   space 512K, 0% used [0x00000000d5900000,0x00000000d5900000,0x00000000d5980000)
 ParOldGen       total 193536K, used 193132K [0x0000000080000000, 0x000000008bd00000, 0x00000000d5580000)
  object space 193536K, 99% used [0x0000000080000000,0x000000008bc9b330,0x000000008bd00000)
 Metaspace       used 55557K, committed 56704K, reserved 1114112K
  class space    used 5980K, committed 6464K, reserved 1048576K
}
Event: 6.353 GC heap after
{Heap after GC invocations=141 (full 2):
 PSYoungGen      total 2048K, used 320K [0x00000000d5580000, 0x00000000d5a00000, 0x0000000100000000)
  eden space 1536K, 0% used [0x00000000d5580000,0x00000000d5580000,0x00000000d5700000)
  from space 512K, 62% used [0x00000000d5900000,0x00000000d5950000,0x00000000d5980000)
  to   space 512K, 0% used [0x00000000d5980000,0x00000000d5980000,0x00000000d5a00000)
 ParOldGen       total 193536K, used 193380K [0x0000000080000000, 0x000000008bd00000, 0x00000000d5580000)
  object space 193536K, 99% used [0x0000000080000000,0x000000008bcd9330,0x000000008bd00000)
 Metaspace       used 55557K, committed 56704K, reserved 1114112K
  class space    used 5980K, committed 6464K, reserved 1048576K
}
Event: 6.358 GC heap before
{Heap before GC invocations=142 (full 2):
 PSYoungGen      total 2048K, used 1856K [0x00000000d5580000, 0x00000000d5a00000, 0x0000000100000000)
  eden space 1536K, 100% used [0x00000000d5580000,0x00000000d5700000,0x00000000d5700000)
  from space 512K, 62% used [0x00000000d5900000,0x00000000d5950000,0x00000000d5980000)
  to   space 512K, 0% used [0x00000000d5980000,0x00000000d5980000,0x00000000d5a00000)
 ParOldGen       total 193536K, used 193380K [0x0000000080000000, 0x000000008bd00000, 0x00000000d5580000)
  object space 193536K, 99% used [0x0000000080000000,0x000000008bcd9330,0x000000008bd00000)
 Metaspace       used 55557K, committed 56704K, reserved 1114112K
  class space    used 5980K, committed 6464K, reserved 1048576K
}
Event: 6.359 GC heap after
{Heap after GC invocations=142 (full 2):
 PSYoungGen      total 2048K, used 512K [0x00000000d5580000, 0x00000000d5a00000, 0x0000000100000000)
  eden space 1536K, 0% used [0x00000000d5580000,0x00000000d5580000,0x00000000d5700000)
  from space 512K, 100% used [0x00000000d5980000,0x00000000d5a00000,0x00000000d5a00000)
  to   space 1024K, 0% used [0x00000000d5800000,0x00000000d5800000,0x00000000d5900000)
 ParOldGen       total 194048K, used 193588K [0x0000000080000000, 0x000000008bd80000, 0x00000000d5580000)
  object space 194048K, 99% used [0x0000000080000000,0x000000008bd0d330,0x000000008bd80000)
 Metaspace       used 55557K, committed 56704K, reserved 1114112K
  class space    used 5980K, committed 6464K, reserved 1048576K
}
Event: 6.376 GC heap before
{Heap before GC invocations=143 (full 2):
 PSYoungGen      total 2048K, used 2048K [0x00000000d5580000, 0x00000000d5a00000, 0x0000000100000000)
  eden space 1536K, 100% used [0x00000000d5580000,0x00000000d5700000,0x00000000d5700000)
  from space 512K, 100% used [0x00000000d5980000,0x00000000d5a00000,0x00000000d5a00000)
  to   space 1024K, 0% used [0x00000000d5800000,0x00000000d5800000,0x00000000d5900000)
 ParOldGen       total 194048K, used 193588K [0x0000000080000000, 0x000000008bd80000, 0x00000000d5580000)
  object space 194048K, 99% used [0x0000000080000000,0x000000008bd0d330,0x000000008bd80000)
 Metaspace       used 55557K, committed 56704K, reserved 1114112K
  class space    used 5980K, committed 6464K, reserved 1048576K
}
Event: 6.377 GC heap after
{Heap after GC invocations=143 (full 2):
 PSYoungGen      total 2560K, used 256K [0x00000000d5580000, 0x00000000d5a00000, 0x0000000100000000)
  eden space 1536K, 0% used [0x00000000d5580000,0x00000000d5580000,0x00000000d5700000)
  from space 1024K, 25% used [0x00000000d5800000,0x00000000d5840000,0x00000000d5900000)
  to   space 512K, 0% used [0x00000000d5980000,0x00000000d5980000,0x00000000d5a00000)
 ParOldGen       total 194048K, used 193772K [0x0000000080000000, 0x000000008bd80000, 0x00000000d5580000)
  object space 194048K, 99% used [0x0000000080000000,0x000000008bd3b340,0x000000008bd80000)
 Metaspace       used 55557K, committed 56704K, reserved 1114112K
  class space    used 5980K, committed 6464K, reserved 1048576K
}
Event: 6.383 GC heap before
{Heap before GC invocations=144 (full 2):
 PSYoungGen      total 2560K, used 1792K [0x00000000d5580000, 0x00000000d5a00000, 0x0000000100000000)
  eden space 1536K, 100% used [0x00000000d5580000,0x00000000d5700000,0x00000000d5700000)
  from space 1024K, 25% used [0x00000000d5800000,0x00000000d5840000,0x00000000d5900000)
  to   space 512K, 0% used [0x00000000d5980000,0x00000000d5980000,0x00000000d5a00000)
 ParOldGen       total 194048K, used 193772K [0x0000000080000000, 0x000000008bd80000, 0x00000000d5580000)
  object space 194048K, 99% used [0x0000000080000000,0x000000008bd3b340,0x000000008bd80000)
 Metaspace       used 55557K, committed 56704K, reserved 1114112K
  class space    used 5980K, committed 6464K, reserved 1048576K
}
Event: 6.383 GC heap after
{Heap after GC invocations=144 (full 2):
 PSYoungGen      total 2048K, used 352K [0x00000000d5580000, 0x00000000d5a00000, 0x0000000100000000)
  eden space 1536K, 0% used [0x00000000d5580000,0x00000000d5580000,0x00000000d5700000)
  from space 512K, 68% used [0x00000000d5980000,0x00000000d59d8000,0x00000000d5a00000)
  to   space 512K, 0% used [0x00000000d5900000,0x00000000d5900000,0x00000000d5980000)
 ParOldGen       total 194048K, used 193804K [0x0000000080000000, 0x000000008bd80000, 0x00000000d5580000)
  object space 194048K, 99% used [0x0000000080000000,0x000000008bd43340,0x000000008bd80000)
 Metaspace       used 55557K, committed 56704K, reserved 1114112K
  class space    used 5980K, committed 6464K, reserved 1048576K
}
Event: 6.386 GC heap before
{Heap before GC invocations=145 (full 2):
 PSYoungGen      total 2048K, used 1888K [0x00000000d5580000, 0x00000000d5a00000, 0x0000000100000000)
  eden space 1536K, 100% used [0x00000000d5580000,0x00000000d5700000,0x00000000d5700000)
  from space 512K, 68% used [0x00000000d5980000,0x00000000d59d8000,0x00000000d5a00000)
  to   space 512K, 0% used [0x00000000d5900000,0x00000000d5900000,0x00000000d5980000)
 ParOldGen       total 194048K, used 193804K [0x0000000080000000, 0x000000008bd80000, 0x00000000d5580000)
  object space 194048K, 99% used [0x0000000080000000,0x000000008bd43340,0x000000008bd80000)
 Metaspace       used 55557K, committed 56704K, reserved 1114112K
  class space    used 5980K, committed 6464K, reserved 1048576K
}
Event: 6.387 GC heap after
{Heap after GC invocations=145 (full 2):
 PSYoungGen      total 2048K, used 320K [0x00000000d5580000, 0x00000000d5a00000, 0x0000000100000000)
  eden space 1536K, 0% used [0x00000000d5580000,0x00000000d5580000,0x00000000d5700000)
  from space 512K, 62% used [0x00000000d5900000,0x00000000d5950000,0x00000000d5980000)
  to   space 512K, 0% used [0x00000000d5980000,0x00000000d5980000,0x00000000d5a00000)
 ParOldGen       total 194048K, used 194020K [0x0000000080000000, 0x000000008bd80000, 0x00000000d5580000)
  object space 194048K, 99% used [0x0000000080000000,0x000000008bd79340,0x000000008bd80000)
 Metaspace       used 55557K, committed 56704K, reserved 1114112K
  class space    used 5980K, committed 6464K, reserved 1048576K
}

Dll operation events (10 events):
Event: 0.005 Loaded shared library c:\Users\jamsh\.vscode\extensions\redhat.java-1.44.0-win32-x64\jre\21.0.8-win32-x86_64\bin\java.dll
Event: 0.064 Loaded shared library c:\Users\jamsh\.vscode\extensions\redhat.java-1.44.0-win32-x64\jre\21.0.8-win32-x86_64\bin\zip.dll
Event: 0.084 Loaded shared library C:\Users\jamsh\.vscode\extensions\redhat.java-1.44.0-win32-x64\jre\21.0.8-win32-x86_64\bin\instrument.dll
Event: 0.087 Loaded shared library C:\Users\jamsh\.vscode\extensions\redhat.java-1.44.0-win32-x64\jre\21.0.8-win32-x86_64\bin\net.dll
Event: 0.089 Loaded shared library C:\Users\jamsh\.vscode\extensions\redhat.java-1.44.0-win32-x64\jre\21.0.8-win32-x86_64\bin\nio.dll
Event: 0.091 Loaded shared library C:\Users\jamsh\.vscode\extensions\redhat.java-1.44.0-win32-x64\jre\21.0.8-win32-x86_64\bin\zip.dll
Event: 0.101 Loaded shared library C:\Users\jamsh\.vscode\extensions\redhat.java-1.44.0-win32-x64\jre\21.0.8-win32-x86_64\bin\jimage.dll
Event: 0.143 Loaded shared library c:\Users\jamsh\.vscode\extensions\redhat.java-1.44.0-win32-x64\jre\21.0.8-win32-x86_64\bin\verify.dll
Event: 0.759 Loaded shared library C:\Users\jamsh\AppData\Roaming\Code\User\globalStorage\redhat.java\1.44.0\config_win\org.eclipse.equinox.launcher\org.eclipse.equinox.launcher.win32.win32.x86_64_1.2.1400.v20250730-1736\eclipse_11913.dll
Event: 1.557 Loaded shared library C:\Users\jamsh\AppData\Local\Temp\jna-100891371\jna13741427005705933750.dll

Deoptimization events (20 events):
Event: 6.380 Thread 0x0000016070f5cd60 DEOPT PACKING pc=0x000001601d6882c4 sp=0x0000005f664ff200
Event: 6.380 Thread 0x0000016070f5cd60 DEOPT UNPACKING pc=0x000001601ccc3aa2 sp=0x0000005f664ff1b0 mode 2
Event: 6.380 Thread 0x0000016070f5cd60 Uncommon trap: trap_request=0xffffffde fr.pc=0x000001601d6be720 relative=0x0000000000000280
Event: 6.380 Thread 0x0000016070f5cd60 Uncommon trap: reason=class_check action=maybe_recompile pc=0x000001601d6be720 method=org.eclipse.jdt.internal.compiler.util.Util.getZipEntryByteContent(Ljava/util/zip/ZipEntry;Ljava/util/zip/ZipFile;)[B @ 35 c2
Event: 6.380 Thread 0x0000016070f5cd60 DEOPT PACKING pc=0x000001601d6be720 sp=0x0000005f664ff320
Event: 6.380 Thread 0x0000016070f5cd60 DEOPT UNPACKING pc=0x000001601ccc3aa2 sp=0x0000005f664ff2e8 mode 2
Event: 6.380 Thread 0x0000016070f5cd60 Uncommon trap: trap_request=0xffffffde fr.pc=0x000001601d69761c relative=0x000000000000007c
Event: 6.380 Thread 0x0000016070f5cd60 Uncommon trap: reason=class_check action=maybe_recompile pc=0x000001601d69761c method=java.io.InputStream.readAllBytes()[B @ 3 c2
Event: 6.380 Thread 0x0000016070f5cd60 DEOPT PACKING pc=0x000001601d69761c sp=0x0000005f664ff2f0
Event: 6.380 Thread 0x0000016070f5cd60 DEOPT UNPACKING pc=0x000001601ccc3aa2 sp=0x0000005f664ff278 mode 2
Event: 6.380 Thread 0x0000016070f5cd60 Uncommon trap: trap_request=0xffffffde fr.pc=0x000001601d6882c4 relative=0x00000000000009e4
Event: 6.380 Thread 0x0000016070f5cd60 Uncommon trap: reason=class_check action=maybe_recompile pc=0x000001601d6882c4 method=java.io.InputStream.readNBytes(I)[B @ 55 c2
Event: 6.380 Thread 0x0000016070f5cd60 DEOPT PACKING pc=0x000001601d6882c4 sp=0x0000005f664ff200
Event: 6.380 Thread 0x0000016070f5cd60 DEOPT UNPACKING pc=0x000001601ccc3aa2 sp=0x0000005f664ff1b0 mode 2
Event: 6.384 Thread 0x0000016070f5cd60 DEOPT PACKING pc=0x000001601664660a sp=0x0000005f664fefd0
Event: 6.384 Thread 0x0000016070f5cd60 DEOPT UNPACKING pc=0x000001601ccc4242 sp=0x0000005f664fe548 mode 0
Event: 6.389 Thread 0x0000016070f5cd60 Uncommon trap: trap_request=0xffffff45 fr.pc=0x000001601d70c058 relative=0x00000000000013d8
Event: 6.389 Thread 0x0000016070f5cd60 Uncommon trap: reason=unstable_if action=reinterpret pc=0x000001601d70c058 method=org.eclipse.jdt.internal.core.index.DiskIndex.writeDocumentNumbers([ILjava/io/OutputStream;)V @ 20 c2
Event: 6.389 Thread 0x0000016070f5cd60 DEOPT PACKING pc=0x000001601d70c058 sp=0x0000005f664fef60
Event: 6.389 Thread 0x0000016070f5cd60 DEOPT UNPACKING pc=0x000001601ccc3aa2 sp=0x0000005f664fefa8 mode 2

Classes loaded (20 events):
Event: 3.518 Loading class sun/nio/fs/WindowsFileSystem$2
Event: 3.518 Loading class java/nio/file/PathMatcher
Event: 3.518 Loading class java/nio/file/PathMatcher done
Event: 3.518 Loading class sun/nio/fs/WindowsFileSystem$2 done
Event: 3.518 Loading class java/nio/file/FileVisitResult
Event: 3.518 Loading class java/nio/file/FileVisitResult done
Event: 3.814 Loading class java/nio/file/InvalidPathException
Event: 3.814 Loading class java/nio/file/InvalidPathException done
Event: 3.816 Loading class java/lang/Throwable$WrappedPrintWriter
Event: 3.816 Loading class java/lang/Throwable$PrintStreamOrWriter
Event: 3.816 Loading class java/lang/Throwable$PrintStreamOrWriter done
Event: 3.816 Loading class java/lang/Throwable$WrappedPrintWriter done
Event: 3.853 Loading class sun/nio/fs/WindowsFileCopy
Event: 3.853 Loading class sun/nio/fs/WindowsFileCopy done
Event: 3.864 Loading class java/util/Collections$SynchronizedRandomAccessList
Event: 3.864 Loading class java/util/Collections$SynchronizedList
Event: 3.864 Loading class java/util/Collections$SynchronizedList done
Event: 3.865 Loading class java/util/Collections$SynchronizedRandomAccessList done
Event: 3.878 Loading class java/util/concurrent/CompletableFuture$Signaller
Event: 3.878 Loading class java/util/concurrent/CompletableFuture$Signaller done

Classes unloaded (7 events):
Event: 1.841 Thread 0x00000160125fdc10 Unloading class 0x000001602a1aa000 'java/lang/invoke/LambdaForm$MH+0x000001602a1aa000'
Event: 1.841 Thread 0x00000160125fdc10 Unloading class 0x000001602a1a9c00 'java/lang/invoke/LambdaForm$MH+0x000001602a1a9c00'
Event: 1.841 Thread 0x00000160125fdc10 Unloading class 0x000001602a1a9800 'java/lang/invoke/LambdaForm$MH+0x000001602a1a9800'
Event: 1.841 Thread 0x00000160125fdc10 Unloading class 0x000001602a1a9400 'java/lang/invoke/LambdaForm$MH+0x000001602a1a9400'
Event: 1.841 Thread 0x00000160125fdc10 Unloading class 0x000001602a1a9000 'java/lang/invoke/LambdaForm$BMH+0x000001602a1a9000'
Event: 1.841 Thread 0x00000160125fdc10 Unloading class 0x000001602a1a8c00 'java/lang/invoke/LambdaForm$DMH+0x000001602a1a8c00'
Event: 1.841 Thread 0x00000160125fdc10 Unloading class 0x000001602a1a3800 'java/lang/invoke/LambdaForm$DMH+0x000001602a1a3800'

Classes redefined (0 events):
No events

Internal exceptions (20 events):
Event: 3.567 Thread 0x0000016073674780 Exception <a 'sun/nio/fs/WindowsException'{0x00000000d69bc6e0}> (0x00000000d69bc6e0) 
thrown [s\src\hotspot\share\prims\jni.cpp, line 520]
Event: 3.567 Thread 0x0000016073674780 Exception <a 'sun/nio/fs/WindowsException'{0x00000000d69c0100}> (0x00000000d69c0100) 
thrown [s\src\hotspot\share\prims\jni.cpp, line 520]
Event: 3.568 Thread 0x0000016073674780 Exception <a 'sun/nio/fs/WindowsException'{0x00000000d69c3a38}> (0x00000000d69c3a38) 
thrown [s\src\hotspot\share\prims\jni.cpp, line 520]
Event: 3.568 Thread 0x0000016073674780 Exception <a 'sun/nio/fs/WindowsException'{0x00000000d69c7be0}> (0x00000000d69c7be0) 
thrown [s\src\hotspot\share\prims\jni.cpp, line 520]
Event: 3.568 Thread 0x0000016073674780 Exception <a 'sun/nio/fs/WindowsException'{0x00000000d69cb4b8}> (0x00000000d69cb4b8) 
thrown [s\src\hotspot\share\prims\jni.cpp, line 520]
Event: 3.569 Thread 0x0000016073674780 Exception <a 'sun/nio/fs/WindowsException'{0x00000000d69cee58}> (0x00000000d69cee58) 
thrown [s\src\hotspot\share\prims\jni.cpp, line 520]
Event: 3.569 Thread 0x0000016073674780 Exception <a 'sun/nio/fs/WindowsException'{0x00000000d69d2a58}> (0x00000000d69d2a58) 
thrown [s\src\hotspot\share\prims\jni.cpp, line 520]
Event: 3.570 Thread 0x0000016073674780 Exception <a 'sun/nio/fs/WindowsException'{0x00000000d69d69b0}> (0x00000000d69d69b0) 
thrown [s\src\hotspot\share\prims\jni.cpp, line 520]
Event: 3.812 Thread 0x0000016073674780 Exception <a 'sun/nio/fs/WindowsException'{0x00000000d62cd1f0}> (0x00000000d62cd1f0) 
thrown [s\src\hotspot\share\prims\jni.cpp, line 520]
Event: 3.815 Thread 0x0000016073674780 Exception <a 'sun/nio/fs/WindowsException'{0x00000000d6396628}> (0x00000000d6396628) 
thrown [s\src\hotspot\share\prims\jni.cpp, line 520]
Event: 3.845 Thread 0x00000160736740f0 Exception <a 'java/lang/IncompatibleClassChangeError'{0x00000000d6544538}: Found class java.lang.Object, but interface was expected> (0x00000000d6544538) 
thrown [s\src\hotspot\share\interpreter\linkResolver.cpp, line 840]
Event: 3.854 Thread 0x0000016070f5cd60 Exception <a 'sun/nio/fs/WindowsException'{0x00000000d6657b28}> (0x00000000d6657b28) 
thrown [s\src\hotspot\share\prims\jni.cpp, line 520]
Event: 4.591 Thread 0x0000016070f5cd60 Implicit null exception at 0x000001601d63bd6b to 0x000001601d64030c
Event: 4.890 Thread 0x0000016073c0c420 Exception <a 'sun/nio/fs/WindowsException'{0x00000000d5a88de8}> (0x00000000d5a88de8) 
thrown [s\src\hotspot\share\prims\jni.cpp, line 520]
Event: 4.890 Thread 0x0000016073c0c420 Exception <a 'sun/nio/fs/WindowsException'{0x00000000d5acdb40}> (0x00000000d5acdb40) 
thrown [s\src\hotspot\share\prims\jni.cpp, line 520]
Event: 5.555 Thread 0x0000016070f5cd60 Implicit null exception at 0x000001601d59c1da to 0x000001601d59c308
Event: 5.555 Thread 0x0000016070f5cd60 Implicit null exception at 0x000001601d6a5417 to 0x000001601d6a6958
Event: 5.555 Thread 0x0000016070f5cd60 Implicit null exception at 0x000001601d6613c2 to 0x000001601d663b1c
Event: 6.300 Thread 0x0000016070f5cd60 Exception <a 'sun/nio/fs/WindowsException'{0x00000000d558a610}> (0x00000000d558a610) 
thrown [s\src\hotspot\share\prims\jni.cpp, line 520]
Event: 6.377 Thread 0x0000016070f5cd60 Exception <a 'sun/nio/fs/WindowsException'{0x00000000d55808b8}> (0x00000000d55808b8) 
thrown [s\src\hotspot\share\prims\jni.cpp, line 520]

ZGC Phase Switch (0 events):
No events

VM Operations (20 events):
Event: 6.339 Executing VM operation: ParallelGCFailedAllocation (Allocation Failure)
Event: 6.340 Executing VM operation: ParallelGCFailedAllocation (Allocation Failure) done
Event: 6.341 Executing VM operation: ParallelGCFailedAllocation (Allocation Failure)
Event: 6.342 Executing VM operation: ParallelGCFailedAllocation (Allocation Failure) done
Event: 6.344 Executing VM operation: ParallelGCFailedAllocation (Allocation Failure)
Event: 6.345 Executing VM operation: ParallelGCFailedAllocation (Allocation Failure) done
Event: 6.347 Executing VM operation: ParallelGCFailedAllocation (Allocation Failure)
Event: 6.348 Executing VM operation: ParallelGCFailedAllocation (Allocation Failure) done
Event: 6.350 Executing VM operation: ParallelGCFailedAllocation (Allocation Failure)
Event: 6.351 Executing VM operation: ParallelGCFailedAllocation (Allocation Failure) done
Event: 6.353 Executing VM operation: ParallelGCFailedAllocation (Allocation Failure)
Event: 6.353 Executing VM operation: ParallelGCFailedAllocation (Allocation Failure) done
Event: 6.358 Executing VM operation: ParallelGCFailedAllocation (Allocation Failure)
Event: 6.359 Executing VM operation: ParallelGCFailedAllocation (Allocation Failure) done
Event: 6.376 Executing VM operation: ParallelGCFailedAllocation (Allocation Failure)
Event: 6.377 Executing VM operation: ParallelGCFailedAllocation (Allocation Failure) done
Event: 6.383 Executing VM operation: ParallelGCFailedAllocation (Allocation Failure)
Event: 6.383 Executing VM operation: ParallelGCFailedAllocation (Allocation Failure) done
Event: 6.386 Executing VM operation: ParallelGCFailedAllocation (Allocation Failure)
Event: 6.387 Executing VM operation: ParallelGCFailedAllocation (Allocation Failure) done

Memory protections (0 events):
No events

Nmethod flushes (20 events):
Event: 2.468 Thread 0x00000160125fdc10 flushing  nmethod 0x0000016015daeb90
Event: 2.468 Thread 0x00000160125fdc10 flushing  nmethod 0x0000016015daf490
Event: 2.468 Thread 0x00000160125fdc10 flushing  nmethod 0x0000016015db0690
Event: 2.468 Thread 0x00000160125fdc10 flushing  nmethod 0x0000016015db0e90
Event: 2.468 Thread 0x00000160125fdc10 flushing  nmethod 0x0000016015db1610
Event: 2.468 Thread 0x00000160125fdc10 flushing  nmethod 0x0000016015db3710
Event: 2.468 Thread 0x00000160125fdc10 flushing  nmethod 0x0000016015db3c10
Event: 2.468 Thread 0x00000160125fdc10 flushing  nmethod 0x0000016015db4910
Event: 2.468 Thread 0x00000160125fdc10 flushing  nmethod 0x0000016015db4d10
Event: 2.468 Thread 0x00000160125fdc10 flushing  nmethod 0x0000016015db5190
Event: 2.468 Thread 0x00000160125fdc10 flushing  nmethod 0x0000016015db5990
Event: 2.468 Thread 0x00000160125fdc10 flushing  nmethod 0x0000016015db5e90
Event: 2.468 Thread 0x00000160125fdc10 flushing  nmethod 0x0000016015db6910
Event: 2.468 Thread 0x00000160125fdc10 flushing  nmethod 0x0000016015dbfc10
Event: 2.468 Thread 0x00000160125fdc10 flushing  nmethod 0x0000016015dd1790
Event: 2.468 Thread 0x00000160125fdc10 flushing  nmethod 0x0000016015de8910
Event: 2.468 Thread 0x00000160125fdc10 flushing  nmethod 0x0000016015de8c10
Event: 2.468 Thread 0x00000160125fdc10 flushing  nmethod 0x0000016015df0810
Event: 2.468 Thread 0x00000160125fdc10 flushing  nmethod 0x0000016015dfad10
Event: 2.468 Thread 0x00000160125fdc10 flushing  nmethod 0x0000016015e2dc10

Events (20 events):
Event: 2.365 Thread 0x0000016012540000 Thread added: 0x0000016073672020
Event: 2.365 Thread 0x0000016012540000 Thread added: 0x00000160736726b0
Event: 2.365 Thread 0x0000016012540000 Thread added: 0x0000016073673a60
Event: 2.376 Thread 0x0000016012540000 Thread added: 0x0000016073677570
Event: 2.501 Thread 0x0000016012540000 Thread added: 0x0000016073672d40
Event: 2.501 Thread 0x0000016012540000 Thread added: 0x00000160736740f0
Event: 2.698 Thread 0x0000016070f5a600 Thread added: 0x0000016073674780
Event: 2.723 Thread 0x0000016070f5b320 Thread added: 0x00000160736761c0
Event: 2.723 Thread 0x0000016070f5b320 Thread added: 0x0000016073671300
Event: 2.723 Thread 0x0000016070f5b320 Thread added: 0x00000160736754a0
Event: 3.299 Thread 0x0000016070f5b320 Thread added: 0x0000016073671990
Event: 3.372 Thread 0x0000016070f5b320 Thread added: 0x0000016073674e10
Event: 3.386 Thread 0x0000016070f5b320 Thread added: 0x0000016073678290
Event: 3.386 Thread 0x0000016070f5b320 Thread added: 0x0000016073675b30
Event: 3.395 Thread 0x0000016070f5b320 Thread added: 0x0000016073676850
Event: 3.409 Thread 0x0000016070f5cd60 Thread added: 0x0000016073c0c420
Event: 5.343 Thread 0x000001607029e6d0 Thread exited: 0x000001607029e6d0
Event: 6.304 Thread 0x00000160702a0070 Thread exited: 0x00000160702a0070
Event: 6.367 Thread 0x000001607002d7d0 Thread added: 0x00000160749d6870
Event: 6.387 Thread 0x000001607002d7d0 Thread added: 0x00000160749d5400


Dynamic libraries:
0x00007ff65f3b0000 - 0x00007ff65f3be000 	c:\Users\jamsh\.vscode\extensions\redhat.java-1.44.0-win32-x64\jre\21.0.8-win32-x86_64\bin\java.exe
0x00007fff7d5d0000 - 0x00007fff7d7c8000 	C:\WINDOWS\SYSTEM32\ntdll.dll
0x00007fff7b920000 - 0x00007fff7b9e2000 	C:\WINDOWS\System32\KERNEL32.DLL
0x00007fff7b170000 - 0x00007fff7b467000 	C:\WINDOWS\System32\KERNELBASE.dll
0x00007fff7af50000 - 0x00007fff7b050000 	C:\WINDOWS\System32\ucrtbase.dll
0x00007fff74570000 - 0x00007fff74588000 	c:\Users\jamsh\.vscode\extensions\redhat.java-1.44.0-win32-x64\jre\21.0.8-win32-x86_64\bin\jli.dll
0x00007fff6d7d0000 - 0x00007fff6d7ee000 	c:\Users\jamsh\.vscode\extensions\redhat.java-1.44.0-win32-x64\jre\21.0.8-win32-x86_64\bin\VCRUNTIME140.dll
0x00007fff7c6c0000 - 0x00007fff7c85d000 	C:\WINDOWS\System32\USER32.dll
0x00007fff7a000000 - 0x00007fff7a29a000 	C:\WINDOWS\WinSxS\amd64_microsoft.windows.common-controls_6595b64144ccf1df_6.0.19041.5915_none_60b4b9d171f9c7c7\COMCTL32.dll
0x00007fff7ac60000 - 0x00007fff7ac82000 	C:\WINDOWS\System32\win32u.dll
0x00007fff7cc80000 - 0x00007fff7cd1e000 	C:\WINDOWS\System32\msvcrt.dll
0x00007fff7d0f0000 - 0x00007fff7d11b000 	C:\WINDOWS\System32\GDI32.dll
0x00007fff7b050000 - 0x00007fff7b169000 	C:\WINDOWS\System32\gdi32full.dll
0x00007fff7b470000 - 0x00007fff7b50d000 	C:\WINDOWS\System32\msvcp_win.dll
0x00007fff7ca80000 - 0x00007fff7caaf000 	C:\WINDOWS\System32\IMM32.DLL
0x00007fff74560000 - 0x00007fff7456c000 	c:\Users\jamsh\.vscode\extensions\redhat.java-1.44.0-win32-x64\jre\21.0.8-win32-x86_64\bin\vcruntime140_1.dll
0x00007fff53dd0000 - 0x00007fff53e5d000 	c:\Users\jamsh\.vscode\extensions\redhat.java-1.44.0-win32-x64\jre\21.0.8-win32-x86_64\bin\msvcp140.dll
0x00007ffef9e60000 - 0x00007ffefabf7000 	c:\Users\jamsh\.vscode\extensions\redhat.java-1.44.0-win32-x64\jre\21.0.8-win32-x86_64\bin\server\jvm.dll
0x00007fff7b6c0000 - 0x00007fff7b771000 	C:\WINDOWS\System32\ADVAPI32.dll
0x00007fff7cbe0000 - 0x00007fff7cc7f000 	C:\WINDOWS\System32\sechost.dll
0x00007fff7cab0000 - 0x00007fff7cbd6000 	C:\WINDOWS\System32\RPCRT4.dll
0x00007fff7b510000 - 0x00007fff7b537000 	C:\WINDOWS\System32\bcrypt.dll
0x00007fff7bc50000 - 0x00007fff7bcbb000 	C:\WINDOWS\System32\WS2_32.dll
0x00007fff7a850000 - 0x00007fff7a89b000 	C:\WINDOWS\SYSTEM32\POWRPROF.dll
0x00007fff725e0000 - 0x00007fff725ea000 	C:\WINDOWS\SYSTEM32\VERSION.dll
0x00007fff6fdb0000 - 0x00007fff6fdd7000 	C:\WINDOWS\SYSTEM32\WINMM.dll
0x00007fff7a390000 - 0x00007fff7a3a2000 	C:\WINDOWS\SYSTEM32\UMPDC.dll
0x00007fff78e00000 - 0x00007fff78e12000 	C:\WINDOWS\SYSTEM32\kernel.appcore.dll
0x00007fff73600000 - 0x00007fff7360a000 	c:\Users\jamsh\.vscode\extensions\redhat.java-1.44.0-win32-x64\jre\21.0.8-win32-x86_64\bin\jimage.dll
0x00007fff7a640000 - 0x00007fff7a841000 	C:\WINDOWS\SYSTEM32\DBGHELP.DLL
0x00007fff53150000 - 0x00007fff53184000 	C:\WINDOWS\SYSTEM32\dbgcore.DLL
0x00007fff7aec0000 - 0x00007fff7af42000 	C:\WINDOWS\System32\bcryptPrimitives.dll
0x00007fff723e0000 - 0x00007fff723ef000 	c:\Users\jamsh\.vscode\extensions\redhat.java-1.44.0-win32-x64\jre\21.0.8-win32-x86_64\bin\instrument.dll
0x00007fff6d720000 - 0x00007fff6d73f000 	c:\Users\jamsh\.vscode\extensions\redhat.java-1.44.0-win32-x64\jre\21.0.8-win32-x86_64\bin\java.dll
0x00007fff7bee0000 - 0x00007fff7c64e000 	C:\WINDOWS\System32\SHELL32.dll
0x00007fff78640000 - 0x00007fff78de4000 	C:\WINDOWS\SYSTEM32\windows.storage.dll
0x00007fff7cd20000 - 0x00007fff7d073000 	C:\WINDOWS\System32\combase.dll
0x00007fff79f60000 - 0x00007fff79f8b000 	C:\WINDOWS\SYSTEM32\Wldp.dll
0x00007fff7b5f0000 - 0x00007fff7b6bd000 	C:\WINDOWS\System32\OLEAUT32.dll
0x00007fff7b9f0000 - 0x00007fff7ba9d000 	C:\WINDOWS\System32\SHCORE.dll
0x00007fff7b8c0000 - 0x00007fff7b91b000 	C:\WINDOWS\System32\shlwapi.dll
0x00007fff7ab90000 - 0x00007fff7abb4000 	C:\WINDOWS\SYSTEM32\profapi.dll
0x00007fff6add0000 - 0x00007fff6ade8000 	c:\Users\jamsh\.vscode\extensions\redhat.java-1.44.0-win32-x64\jre\21.0.8-win32-x86_64\bin\zip.dll
0x00007fff6adc0000 - 0x00007fff6add0000 	C:\Users\jamsh\.vscode\extensions\redhat.java-1.44.0-win32-x64\jre\21.0.8-win32-x86_64\bin\net.dll
0x00007fff71ef0000 - 0x00007fff71ffa000 	C:\WINDOWS\SYSTEM32\WINHTTP.dll
0x00007fff79c40000 - 0x00007fff79caa000 	C:\WINDOWS\system32\mswsock.dll
0x00007fff6ada0000 - 0x00007fff6adb6000 	C:\Users\jamsh\.vscode\extensions\redhat.java-1.44.0-win32-x64\jre\21.0.8-win32-x86_64\bin\nio.dll
0x00007fff6ad90000 - 0x00007fff6ada0000 	c:\Users\jamsh\.vscode\extensions\redhat.java-1.44.0-win32-x64\jre\21.0.8-win32-x86_64\bin\verify.dll
0x00007fff57290000 - 0x00007fff572d5000 	C:\Users\jamsh\AppData\Roaming\Code\User\globalStorage\redhat.java\1.44.0\config_win\org.eclipse.equinox.launcher\org.eclipse.equinox.launcher.win32.win32.x86_64_1.2.1400.v20250730-1736\eclipse_11913.dll
0x00007fff7baa0000 - 0x00007fff7bbcb000 	C:\WINDOWS\System32\ole32.dll
0x00007fff7a9d0000 - 0x00007fff7a9e8000 	C:\WINDOWS\SYSTEM32\CRYPTSP.dll
0x00007fff79640000 - 0x00007fff79678000 	C:\WINDOWS\system32\rsaenh.dll
0x00007fff7ab10000 - 0x00007fff7ab3e000 	C:\WINDOWS\SYSTEM32\USERENV.dll
0x00007fff79f50000 - 0x00007fff79f5c000 	C:\WINDOWS\SYSTEM32\CRYPTBASE.dll
0x00007fff799a0000 - 0x00007fff799db000 	C:\WINDOWS\SYSTEM32\IPHLPAPI.DLL
0x00007fff7d080000 - 0x00007fff7d088000 	C:\WINDOWS\System32\NSI.dll
0x00007fff54870000 - 0x00007fff548b9000 	C:\Users\jamsh\AppData\Local\Temp\jna-100891371\jna13741427005705933750.dll
0x00007fff7be70000 - 0x00007fff7be78000 	C:\WINDOWS\System32\PSAPI.DLL
0x00007fff723b0000 - 0x00007fff723c7000 	C:\WINDOWS\SYSTEM32\dhcpcsvc6.DLL
0x00007fff726c0000 - 0x00007fff726dd000 	C:\WINDOWS\SYSTEM32\dhcpcsvc.DLL

JVMTI agents:
c:\Users\jamsh\.vscode\extensions\redhat.java-1.44.0-win32-x64\lombok\lombok-1.18.39-4050.jar path:c:\Users\jamsh\.vscode\extensions\redhat.java-1.44.0-win32-x64\jre\21.0.8-win32-x86_64\bin\instrument.dll, loaded, initialized, instrumentlib options:none

dbghelp: loaded successfully - version: 4.0.5 - missing functions: none
symbol engine: initialized successfully - sym options: 0x614 - pdb path: .;c:\Users\jamsh\.vscode\extensions\redhat.java-1.44.0-win32-x64\jre\21.0.8-win32-x86_64\bin;C:\WINDOWS\SYSTEM32;C:\WINDOWS\WinSxS\amd64_microsoft.windows.common-controls_6595b64144ccf1df_6.0.19041.5915_none_60b4b9d171f9c7c7;c:\Users\jamsh\.vscode\extensions\redhat.java-1.44.0-win32-x64\jre\21.0.8-win32-x86_64\bin\server;C:\Users\jamsh\AppData\Roaming\Code\User\globalStorage\redhat.java\1.44.0\config_win\org.eclipse.equinox.launcher\org.eclipse.equinox.launcher.win32.win32.x86_64_1.2.1400.v20250730-1736;C:\Users\jamsh\AppData\Local\Temp\jna-100891371

VM Arguments:
jvm_args: --add-modules=ALL-SYSTEM --add-opens=java.base/java.util=ALL-UNNAMED --add-opens=java.base/java.lang=ALL-UNNAMED --add-opens=java.base/sun.nio.fs=ALL-UNNAMED -Declipse.application=org.eclipse.jdt.ls.core.id1 -Dosgi.bundles.defaultStartLevel=4 -Declipse.product=org.eclipse.jdt.ls.core.product -Djava.import.generatesMetadataFilesAtProjectRoot=false -DDetectVMInstallationsJob.disabled=true -Dfile.encoding=utf8 -XX:+UseParallelGC -XX:GCTimeRatio=4 -XX:AdaptiveSizePolicyWeight=90 -Dsun.zip.disableMemoryMapping=true -Xmx2G -Xms100m -Xlog:disable -javaagent:c:\Users\jamsh\.vscode\extensions\redhat.java-1.44.0-win32-x64\lombok\lombok-1.18.39-4050.jar -XX:+HeapDumpOnOutOfMemoryError -XX:HeapDumpPath=c:\Users\jamsh\AppData\Roaming\Code\User\workspaceStorage\769c9fd4901bc2f79d9f2b85cdffd5ae\redhat.java -Daether.dependencyCollector.impl=bf 
java_command: c:\Users\jamsh\.vscode\extensions\redhat.java-1.44.0-win32-x64\server\plugins\org.eclipse.equinox.launcher_1.7.0.v20250519-0528.jar -configuration c:\Users\jamsh\AppData\Roaming\Code\User\globalStorage\redhat.java\1.44.0\config_win -data c:\Users\jamsh\AppData\Roaming\Code\User\workspaceStorage\769c9fd4901bc2f79d9f2b85cdffd5ae\redhat.java\jdt_ws --pipe=\\.\pipe\lsp-c7facbd0c26049fbd9b152c68482d529-sock
java_class_path (initial): c:\Users\jamsh\.vscode\extensions\redhat.java-1.44.0-win32-x64\server\plugins\org.eclipse.equinox.launcher_1.7.0.v20250519-0528.jar
Launcher Type: SUN_STANDARD

[Global flags]
    uintx AdaptiveSizePolicyWeight                 = 90                                        {product} {command line}
     intx CICompilerCount                          = 4                                         {product} {ergonomic}
    uintx GCTimeRatio                              = 4                                         {product} {command line}
     bool HeapDumpOnOutOfMemoryError               = true                                   {manageable} {command line}
    ccstr HeapDumpPath                             = c:\Users\jamsh\AppData\Roaming\Code\User\workspaceStorage\769c9fd4901bc2f79d9f2b85cdffd5ae\redhat.java         {manageable} {command line}
   size_t InitialHeapSize                          = 104857600                                 {product} {command line}
   size_t MaxHeapSize                              = 2147483648                                {product} {command line}
   size_t MaxNewSize                               = 715653120                                 {product} {ergonomic}
   size_t MinHeapDeltaBytes                        = 524288                                    {product} {ergonomic}
   size_t MinHeapSize                              = 104857600                                 {product} {command line}
   size_t NewSize                                  = 34603008                                  {product} {ergonomic}
    uintx NonNMethodCodeHeapSize                   = 5839372                                {pd product} {ergonomic}
    uintx NonProfiledCodeHeapSize                  = 122909434                              {pd product} {ergonomic}
   size_t OldSize                                  = 70254592                                  {product} {ergonomic}
    uintx ProfiledCodeHeapSize                     = 122909434                              {pd product} {ergonomic}
    uintx ReservedCodeCacheSize                    = 251658240                              {pd product} {ergonomic}
     bool SegmentedCodeCache                       = true                                      {product} {ergonomic}
   size_t SoftMaxHeapSize                          = 2147483648                             {manageable} {ergonomic}
     bool UseCompressedOops                        = true                           {product lp64_product} {ergonomic}
     bool UseLargePagesIndividualAllocation        = false                                  {pd product} {ergonomic}
     bool UseParallelGC                            = true                                      {product} {command line}

Logging:
Log output configuration:
 #0: stdout all=off uptime,level,tags foldmultilines=false
 #1: stderr all=off uptime,level,tags foldmultilines=false

Environment Variables:
PATH=C:\Program Files (x86)\Common Files\Oracle\Java\java8path;C:\Program Files (x86)\Common Files\Oracle\Java\javapath;C:\WINDOWS\system32;C:\WINDOWS;C:\WINDOWS\System32\Wbem;C:\WINDOWS\System32\WindowsPowerShell\v1.0\;C:\WINDOWS\System32\OpenSSH\;C:\Program Files\PowerShell\7\;C:\Program Files\Microsoft SQL Server\150\Tools\Binn\;C:\Program Files\Microsoft SQL Server\Client SDK\ODBC\170\Tools\Binn\;C:\Program Files\dotnet\;C:\Users\jamsh\AppData\Local\Microsoft\WindowsApps;C:\Users\jamsh\AppData\Local\GitHubDesktop\bin;C:\Users\jamsh\AppData\Local\Programs\Microsoft VS Code\bin
USERNAME=jamsh
OS=Windows_NT
PROCESSOR_IDENTIFIER=Intel64 Family 6 Model 165 Stepping 3, GenuineIntel
TMP=C:\Users\jamsh\AppData\Local\Temp
TEMP=C:\Users\jamsh\AppData\Local\Temp




Periodic native trim disabled

---------------  S Y S T E M  ---------------

OS:
 Windows 10 , 64 bit Build 19041 (10.0.19041.5915)
OS uptime: 0 days 0:57 hours

CPU: total 12 (initial active 12) (6 cores per cpu, 2 threads per core) family 6 model 165 stepping 3 microcode 0xf0, cx8, cmov, fxsr, ht, mmx, 3dnowpref, sse, sse2, sse3, ssse3, sse4.1, sse4.2, popcnt, lzcnt, tsc, tscinvbit, avx, avx2, aes, erms, clmul, bmi1, bmi2, adx, fma, vzeroupper, clflush, clflushopt, rdtscp, f16c
Processor Information for the first 12 processors :
  Max Mhz: 2904, Current Mhz: 2904, Mhz Limit: 2904

Memory: 4k page, system-wide physical 16155M (8904M free)
TotalPageFile size 22811M (AvailPageFile size 13429M)
current process WorkingSet (physical memory assigned to process): 385M, peak: 387M
current process commit charge ("private bytes"): 465M, peak: 467M

vm_info: OpenJDK 64-Bit Server VM (21.0.8+9-LTS) for windows-amd64 JRE (21.0.8+9-LTS), built on 2025-07-15T00:00:00Z by "admin" with MS VC++ 17.7 (VS2022)

END.
